Determining if the pthread_create exist failed with the following output:
Change Dir: /home/adit/tes4/src/turtlebot3_gazebo_plugin/build/CMakeFiles/CMakeTmp

Run Build Command:"/usr/bin/make" "cmTC_0bef4/fast"
/usr/bin/make -f CMakeFiles/cmTC_0bef4.dir/build.make CMakeFiles/cmTC_0bef4.dir/build
make[1]: Entering directory '/home/adit/tes4/src/turtlebot3_gazebo_plugin/build/CMakeFiles/CMakeTmp'
Building C object CMakeFiles/cmTC_0bef4.dir/CheckSymbolExists.c.o
/usr/bin/cc     -o CMakeFiles/cmTC_0bef4.dir/CheckSymbolExists.c.o   -c /home/adit/tes4/src/turtlebot3_gazebo_plugin/build/CMakeFiles/CMakeTmp/CheckSymbolExists.c
Linking C executable cmTC_0bef4
/usr/bin/cmake -E cmake_link_script CMakeFiles/cmTC_0bef4.dir/link.txt --verbose=1
/usr/bin/cc       CMakeFiles/cmTC_0bef4.dir/CheckSymbolExists.c.o  -o cmTC_0bef4 -rdynamic 
CMakeFiles/cmTC_0bef4.dir/CheckSymbolExists.c.o: In function `main':
CheckSymbolExists.c:(.text+0x16): undefined reference to `pthread_create'
collect2: error: ld returned 1 exit status
CMakeFiles/cmTC_0bef4.dir/build.make:97: recipe for target 'cmTC_0bef4' failed
make[1]: *** [cmTC_0bef4] Error 1
make[1]: Leaving directory '/home/adit/tes4/src/turtlebot3_gazebo_plugin/build/CMakeFiles/CMakeTmp'
Makefile:126: recipe for target 'cmTC_0bef4/fast' failed
make: *** [cmTC_0bef4/fast] Error 2

File /home/adit/tes4/src/turtlebot3_gazebo_plugin/build/CMakeFiles/CMakeTmp/CheckSymbolExists.c:
/* */
#include <pthread.h>

int main(int argc, char** argv)
{
  (void)argv;
#ifndef pthread_create
  return ((int*)(&pthread_create))[argc];
#else
  (void)argc;
  return 0;
#endif
}

Determining if the function pthread_create exists in the pthreads failed with the following output:
Change Dir: /home/adit/tes4/src/turtlebot3_gazebo_plugin/build/CMakeFiles/CMakeTmp

Run Build Command:"/usr/bin/make" "cmTC_4ba1f/fast"
/usr/bin/make -f CMakeFiles/cmTC_4ba1f.dir/build.make CMakeFiles/cmTC_4ba1f.dir/build
make[1]: Entering directory '/home/adit/tes4/src/turtlebot3_gazebo_plugin/build/CMakeFiles/CMakeTmp'
Building C object CMakeFiles/cmTC_4ba1f.dir/CheckFunctionExists.c.o
/usr/bin/cc    -DCHECK_FUNCTION_EXISTS=pthread_create   -o CMakeFiles/cmTC_4ba1f.dir/CheckFunctionExists.c.o   -c /usr/share/cmake-3.5/Modules/CheckFunctionExists.c
Linking C executable cmTC_4ba1f
/usr/bin/cmake -E cmake_link_script CMakeFiles/cmTC_4ba1f.dir/link.txt --verbose=1
/usr/bin/cc   -DCHECK_FUNCTION_EXISTS=pthread_create    CMakeFiles/cmTC_4ba1f.dir/CheckFunctionExists.c.o  -o cmTC_4ba1f -rdynamic -lpthreads 
/usr/bin/ld: cannot find -lpthreads
collect2: error: ld returned 1 exit status
CMakeFiles/cmTC_4ba1f.dir/build.make:97: recipe for target 'cmTC_4ba1f' failed
make[1]: *** [cmTC_4ba1f] Error 1
make[1]: Leaving directory '/home/adit/tes4/src/turtlebot3_gazebo_plugin/build/CMakeFiles/CMakeTmp'
Makefile:126: recipe for target 'cmTC_4ba1f/fast' failed
make: *** [cmTC_4ba1f/fast] Error 2


